0 info it worked if it ends with ok
1 verbose cli [ 'node', '/usr/local/bin/npm', 'install', 'jekyll' ]
2 info using npm@1.4.28
3 info using node@v0.10.32
4 verbose readDependencies using package.json deps
5 verbose cache add [ 'jekyll', null ]
6 verbose cache add name=undefined spec="jekyll" args=["jekyll",null]
7 verbose parsed url { protocol: null,
7 verbose parsed url   slashes: null,
7 verbose parsed url   auth: null,
7 verbose parsed url   host: null,
7 verbose parsed url   port: null,
7 verbose parsed url   hostname: null,
7 verbose parsed url   hash: null,
7 verbose parsed url   search: null,
7 verbose parsed url   query: null,
7 verbose parsed url   pathname: 'jekyll',
7 verbose parsed url   path: 'jekyll',
7 verbose parsed url   href: 'jekyll' }
8 silly lockFile bfc0b666-jekyll jekyll
9 verbose lock jekyll /Users/andersonaguiar/.npm/bfc0b666-jekyll.lock
10 silly lockFile bfc0b666-jekyll jekyll
11 silly lockFile bfc0b666-jekyll jekyll
12 verbose addNamed [ 'jekyll', '' ]
13 verbose addNamed [ null, '*' ]
14 silly lockFile c8fd568e-jekyll jekyll@
15 verbose lock jekyll@ /Users/andersonaguiar/.npm/c8fd568e-jekyll.lock
16 silly addNameRange { name: 'jekyll', range: '*', hasData: false }
17 verbose request where is /jekyll
18 verbose request registry https://registry.npmjs.org/
19 verbose request id 5335a6873f80f8bc
20 verbose url raw /jekyll
21 verbose url resolving [ 'https://registry.npmjs.org/', './jekyll' ]
22 verbose url resolved https://registry.npmjs.org/jekyll
23 verbose request where is https://registry.npmjs.org/jekyll
24 info trying registry request attempt 1 at 12:46:38
25 http GET https://registry.npmjs.org/jekyll
26 http 404 https://registry.npmjs.org/jekyll
27 verbose headers { date: 'Wed, 03 Dec 2014 14:46:40 GMT',
27 verbose headers   server: 'CouchDB/1.5.0 (Erlang OTP/R14B04)',
27 verbose headers   'content-type': 'application/json',
27 verbose headers   'cache-control': 'max-age=0',
27 verbose headers   'content-length': '52',
27 verbose headers   'accept-ranges': 'bytes',
27 verbose headers   via: '1.1 varnish',
27 verbose headers   age: '0',
27 verbose headers   'x-served-by': 'cache-atl6230-ATL',
27 verbose headers   'x-cache': 'MISS',
27 verbose headers   'x-cache-hits': '0',
27 verbose headers   'x-timer': 'S1417618000.507970,VS0,VE51',
27 verbose headers   'keep-alive': 'timeout=10, max=50',
27 verbose headers   connection: 'Keep-Alive' }
28 silly registry.get cb [ 404,
28 silly registry.get   { date: 'Wed, 03 Dec 2014 14:46:40 GMT',
28 silly registry.get     server: 'CouchDB/1.5.0 (Erlang OTP/R14B04)',
28 silly registry.get     'content-type': 'application/json',
28 silly registry.get     'cache-control': 'max-age=0',
28 silly registry.get     'content-length': '52',
28 silly registry.get     'accept-ranges': 'bytes',
28 silly registry.get     via: '1.1 varnish',
28 silly registry.get     age: '0',
28 silly registry.get     'x-served-by': 'cache-atl6230-ATL',
28 silly registry.get     'x-cache': 'MISS',
28 silly registry.get     'x-cache-hits': '0',
28 silly registry.get     'x-timer': 'S1417618000.507970,VS0,VE51',
28 silly registry.get     'keep-alive': 'timeout=10, max=50',
28 silly registry.get     connection: 'Keep-Alive' } ]
29 silly lockFile c8fd568e-jekyll jekyll@
30 silly lockFile c8fd568e-jekyll jekyll@
31 error 404 404 Not Found: jekyll
31 error 404
31 error 404 'jekyll' is not in the npm registry.
31 error 404 You should bug the author to publish it
31 error 404 It was specified as a dependency of 'hpstr-theme'
31 error 404
31 error 404 Note that you can also install from a
31 error 404 tarball, folder, or http url, or git url.
32 error System Darwin 13.4.0
33 error command "node" "/usr/local/bin/npm" "install" "jekyll"
34 error cwd /Users/andersonaguiar/Dropbox/workspace/GitHub/andersonaguiar.github.io
35 error node -v v0.10.32
36 error npm -v 1.4.28
37 error code E404
38 verbose exit [ 1, true ]
